ERROR - 2024-12-06 19:31:36 --> Error connecting to the database: mysqli_sql_exception: No se puede establecer una conexión ya que el equipo de destino denegó expresamente dicha conexión in C:\xampp\htdocs\Mi_Api_Rest\system\Database\MySQLi\Connection.php:186
Stack trace:
#0 C:\xampp\htdocs\Mi_Api_Rest\system\Database\MySQLi\Connection.php(186): mysqli->real_connect('localhost', 'root', Object(SensitiveParameterValue), 'yugioh_store', 3306, '', 0)
#1 C:\xampp\htdocs\Mi_Api_Rest\system\Database\BaseConnection.php(421): CodeIgniter\Database\MySQLi\Connection->connect(false)
#2 C:\xampp\htdocs\Mi_Api_Rest\system\Database\BaseConnection.php(616): CodeIgniter\Database\BaseConnection->initialize()
#3 C:\xampp\htdocs\Mi_Api_Rest\system\Database\BaseBuilder.php(1644): CodeIgniter\Database\BaseConnection->query('SELECT *\nFROM `...', Array, false)
#4 C:\xampp\htdocs\Mi_Api_Rest\app\Models\HomeModel.php(12): CodeIgniter\Database\BaseBuilder->get()
#5 C:\xampp\htdocs\Mi_Api_Rest\app\Models\HomeModel.php(22): APP\Models\HomeModel->getTableData('products')
#6 C:\xampp\htdocs\Mi_Api_Rest\app\Controllers\Home.php(17): APP\Models\HomeModel->products_lst()
#7 C:\xampp\htdocs\Mi_Api_Rest\system\CodeIgniter.php(933): App\Controllers\Home->index()
#8 C:\xampp\htdocs\Mi_Api_Rest\system\CodeIgniter.php(509): CodeIgniter\CodeIgniter->runController(Object(App\Controllers\Home))
#9 C:\xampp\htdocs\Mi_Api_Rest\system\CodeIgniter.php(355): CodeIgniter\CodeIgniter->handleRequest(NULL, Object(Config\Cache), false)
#10 C:\xampp\htdocs\Mi_Api_Rest\system\Boot.php(325): CodeIgniter\CodeIgniter->run()
#11 C:\xampp\htdocs\Mi_Api_Rest\system\Boot.php(67): CodeIgniter\Boot::runCodeIgniter(Object(CodeIgniter\CodeIgniter))
#12 C:\xampp\htdocs\Mi_Api_Rest\index.php(56): CodeIgniter\Boot::bootWeb(Object(Config\Paths))
#13 {main}

Next CodeIgniter\Database\Exceptions\DatabaseException: No se puede establecer una conexión ya que el equipo de destino denegó expresamente dicha conexión in C:\xampp\htdocs\Mi_Api_Rest\system\Database\MySQLi\Connection.php:231
Stack trace:
#0 C:\xampp\htdocs\Mi_Api_Rest\system\Database\BaseConnection.php(421): CodeIgniter\Database\MySQLi\Connection->connect(false)
#1 C:\xampp\htdocs\Mi_Api_Rest\system\Database\BaseConnection.php(616): CodeIgniter\Database\BaseConnection->initialize()
#2 C:\xampp\htdocs\Mi_Api_Rest\system\Database\BaseBuilder.php(1644): CodeIgniter\Database\BaseConnection->query('SELECT *\nFROM `...', Array, false)
#3 C:\xampp\htdocs\Mi_Api_Rest\app\Models\HomeModel.php(12): CodeIgniter\Database\BaseBuilder->get()
#4 C:\xampp\htdocs\Mi_Api_Rest\app\Models\HomeModel.php(22): APP\Models\HomeModel->getTableData('products')
#5 C:\xampp\htdocs\Mi_Api_Rest\app\Controllers\Home.php(17): APP\Models\HomeModel->products_lst()
#6 C:\xampp\htdocs\Mi_Api_Rest\system\CodeIgniter.php(933): App\Controllers\Home->index()
#7 C:\xampp\htdocs\Mi_Api_Rest\system\CodeIgniter.php(509): CodeIgniter\CodeIgniter->runController(Object(App\Controllers\Home))
#8 C:\xampp\htdocs\Mi_Api_Rest\system\CodeIgniter.php(355): CodeIgniter\CodeIgniter->handleRequest(NULL, Object(Config\Cache), false)
#9 C:\xampp\htdocs\Mi_Api_Rest\system\Boot.php(325): CodeIgniter\CodeIgniter->run()
#10 C:\xampp\htdocs\Mi_Api_Rest\system\Boot.php(67): CodeIgniter\Boot::runCodeIgniter(Object(CodeIgniter\CodeIgniter))
#11 C:\xampp\htdocs\Mi_Api_Rest\index.php(56): CodeIgniter\Boot::bootWeb(Object(Config\Paths))
#12 {main}
CRITICAL - 2024-12-06 19:31:36 --> CodeIgniter\Database\Exceptions\DatabaseException: Unable to connect to the database.
Main connection [MySQLi]: No se puede establecer una conexión ya que el equipo de destino denegó expresamente dicha conexión
[Method: GET, Route: /]
in SYSTEMPATH\Database\BaseConnection.php on line 467.
 1 SYSTEMPATH\Database\BaseConnection.php(616): CodeIgniter\Database\BaseConnection->initialize()
 2 SYSTEMPATH\Database\BaseBuilder.php(1644): CodeIgniter\Database\BaseConnection->query('SELECT *
FROM `products`', [], false)
 3 APPPATH\Models\HomeModel.php(12): CodeIgniter\Database\BaseBuilder->get()
 4 APPPATH\Models\HomeModel.php(22): APP\Models\HomeModel->getTableData('products')
 5 APPPATH\Controllers\Home.php(17): APP\Models\HomeModel->products_lst()
 6 SYSTEMPATH\CodeIgniter.php(933): App\Controllers\Home->index()
 7 SYSTEMPATH\CodeIgniter.php(509): CodeIgniter\CodeIgniter->runController(Object(App\Controllers\Home))
 8 SYSTEMPATH\CodeIgniter.php(355): CodeIgniter\CodeIgniter->handleRequest(null, Object(Config\Cache), false)
 9 SYSTEMPATH\Boot.php(325): CodeIgniter\CodeIgniter->run()
10 SYSTEMPATH\Boot.php(67): CodeIgniter\Boot::runCodeIgniter(Object(CodeIgniter\CodeIgniter))
11 FCPATH\index.php(56): CodeIgniter\Boot::bootWeb(Object(Config\Paths))
ERROR - 2024-12-06 19:31:49 --> Error connecting to the database: mysqli_sql_exception: Unknown database 'yugioh_store' in C:\xampp\htdocs\Mi_Api_Rest\system\Database\MySQLi\Connection.php:186
Stack trace:
#0 C:\xampp\htdocs\Mi_Api_Rest\system\Database\MySQLi\Connection.php(186): mysqli->real_connect('localhost', 'root', Object(SensitiveParameterValue), 'yugioh_store', 3306, '', 0)
#1 C:\xampp\htdocs\Mi_Api_Rest\system\Database\BaseConnection.php(421): CodeIgniter\Database\MySQLi\Connection->connect(false)
#2 C:\xampp\htdocs\Mi_Api_Rest\system\Database\BaseConnection.php(616): CodeIgniter\Database\BaseConnection->initialize()
#3 C:\xampp\htdocs\Mi_Api_Rest\system\Database\BaseBuilder.php(1644): CodeIgniter\Database\BaseConnection->query('SELECT *\nFROM `...', Array, false)
#4 C:\xampp\htdocs\Mi_Api_Rest\app\Models\HomeModel.php(12): CodeIgniter\Database\BaseBuilder->get()
#5 C:\xampp\htdocs\Mi_Api_Rest\app\Models\HomeModel.php(22): APP\Models\HomeModel->getTableData('products')
#6 C:\xampp\htdocs\Mi_Api_Rest\app\Controllers\Home.php(17): APP\Models\HomeModel->products_lst()
#7 C:\xampp\htdocs\Mi_Api_Rest\system\CodeIgniter.php(933): App\Controllers\Home->index()
#8 C:\xampp\htdocs\Mi_Api_Rest\system\CodeIgniter.php(509): CodeIgniter\CodeIgniter->runController(Object(App\Controllers\Home))
#9 C:\xampp\htdocs\Mi_Api_Rest\system\CodeIgniter.php(355): CodeIgniter\CodeIgniter->handleRequest(NULL, Object(Config\Cache), false)
#10 C:\xampp\htdocs\Mi_Api_Rest\system\Boot.php(325): CodeIgniter\CodeIgniter->run()
#11 C:\xampp\htdocs\Mi_Api_Rest\system\Boot.php(67): CodeIgniter\Boot::runCodeIgniter(Object(CodeIgniter\CodeIgniter))
#12 C:\xampp\htdocs\Mi_Api_Rest\index.php(56): CodeIgniter\Boot::bootWeb(Object(Config\Paths))
#13 {main}

Next CodeIgniter\Database\Exceptions\DatabaseException: Unknown database 'yugioh_store' in C:\xampp\htdocs\Mi_Api_Rest\system\Database\MySQLi\Connection.php:231
Stack trace:
#0 C:\xampp\htdocs\Mi_Api_Rest\system\Database\BaseConnection.php(421): CodeIgniter\Database\MySQLi\Connection->connect(false)
#1 C:\xampp\htdocs\Mi_Api_Rest\system\Database\BaseConnection.php(616): CodeIgniter\Database\BaseConnection->initialize()
#2 C:\xampp\htdocs\Mi_Api_Rest\system\Database\BaseBuilder.php(1644): CodeIgniter\Database\BaseConnection->query('SELECT *\nFROM `...', Array, false)
#3 C:\xampp\htdocs\Mi_Api_Rest\app\Models\HomeModel.php(12): CodeIgniter\Database\BaseBuilder->get()
#4 C:\xampp\htdocs\Mi_Api_Rest\app\Models\HomeModel.php(22): APP\Models\HomeModel->getTableData('products')
#5 C:\xampp\htdocs\Mi_Api_Rest\app\Controllers\Home.php(17): APP\Models\HomeModel->products_lst()
#6 C:\xampp\htdocs\Mi_Api_Rest\system\CodeIgniter.php(933): App\Controllers\Home->index()
#7 C:\xampp\htdocs\Mi_Api_Rest\system\CodeIgniter.php(509): CodeIgniter\CodeIgniter->runController(Object(App\Controllers\Home))
#8 C:\xampp\htdocs\Mi_Api_Rest\system\CodeIgniter.php(355): CodeIgniter\CodeIgniter->handleRequest(NULL, Object(Config\Cache), false)
#9 C:\xampp\htdocs\Mi_Api_Rest\system\Boot.php(325): CodeIgniter\CodeIgniter->run()
#10 C:\xampp\htdocs\Mi_Api_Rest\system\Boot.php(67): CodeIgniter\Boot::runCodeIgniter(Object(CodeIgniter\CodeIgniter))
#11 C:\xampp\htdocs\Mi_Api_Rest\index.php(56): CodeIgniter\Boot::bootWeb(Object(Config\Paths))
#12 {main}
CRITICAL - 2024-12-06 19:31:49 --> CodeIgniter\Database\Exceptions\DatabaseException: Unable to connect to the database.
Main connection [MySQLi]: Unknown database 'yugioh_store'
[Method: GET, Route: /]
in SYSTEMPATH\Database\BaseConnection.php on line 467.
 1 SYSTEMPATH\Database\BaseConnection.php(616): CodeIgniter\Database\BaseConnection->initialize()
 2 SYSTEMPATH\Database\BaseBuilder.php(1644): CodeIgniter\Database\BaseConnection->query('SELECT *
FROM `products`', [], false)
 3 APPPATH\Models\HomeModel.php(12): CodeIgniter\Database\BaseBuilder->get()
 4 APPPATH\Models\HomeModel.php(22): APP\Models\HomeModel->getTableData('products')
 5 APPPATH\Controllers\Home.php(17): APP\Models\HomeModel->products_lst()
 6 SYSTEMPATH\CodeIgniter.php(933): App\Controllers\Home->index()
 7 SYSTEMPATH\CodeIgniter.php(509): CodeIgniter\CodeIgniter->runController(Object(App\Controllers\Home))
 8 SYSTEMPATH\CodeIgniter.php(355): CodeIgniter\CodeIgniter->handleRequest(null, Object(Config\Cache), false)
 9 SYSTEMPATH\Boot.php(325): CodeIgniter\CodeIgniter->run()
10 SYSTEMPATH\Boot.php(67): CodeIgniter\Boot::runCodeIgniter(Object(CodeIgniter\CodeIgniter))
11 FCPATH\index.php(56): CodeIgniter\Boot::bootWeb(Object(Config\Paths))
ERROR - 2024-12-06 19:33:07 --> Error connecting to the database: mysqli_sql_exception: Unknown database 'yugioh_store' in C:\xampp\htdocs\Mi_Api_Rest\system\Database\MySQLi\Connection.php:186
Stack trace:
#0 C:\xampp\htdocs\Mi_Api_Rest\system\Database\MySQLi\Connection.php(186): mysqli->real_connect('localhost', 'root', Object(SensitiveParameterValue), 'yugioh_store', 3306, '', 0)
#1 C:\xampp\htdocs\Mi_Api_Rest\system\Database\BaseConnection.php(421): CodeIgniter\Database\MySQLi\Connection->connect(false)
#2 C:\xampp\htdocs\Mi_Api_Rest\system\Database\BaseConnection.php(616): CodeIgniter\Database\BaseConnection->initialize()
#3 C:\xampp\htdocs\Mi_Api_Rest\system\Database\BaseBuilder.php(1644): CodeIgniter\Database\BaseConnection->query('SELECT *\nFROM `...', Array, false)
#4 C:\xampp\htdocs\Mi_Api_Rest\app\Models\HomeModel.php(12): CodeIgniter\Database\BaseBuilder->get()
#5 C:\xampp\htdocs\Mi_Api_Rest\app\Models\HomeModel.php(22): APP\Models\HomeModel->getTableData('products')
#6 C:\xampp\htdocs\Mi_Api_Rest\app\Controllers\Home.php(17): APP\Models\HomeModel->products_lst()
#7 C:\xampp\htdocs\Mi_Api_Rest\system\CodeIgniter.php(933): App\Controllers\Home->index()
#8 C:\xampp\htdocs\Mi_Api_Rest\system\CodeIgniter.php(509): CodeIgniter\CodeIgniter->runController(Object(App\Controllers\Home))
#9 C:\xampp\htdocs\Mi_Api_Rest\system\CodeIgniter.php(355): CodeIgniter\CodeIgniter->handleRequest(NULL, Object(Config\Cache), false)
#10 C:\xampp\htdocs\Mi_Api_Rest\system\Boot.php(325): CodeIgniter\CodeIgniter->run()
#11 C:\xampp\htdocs\Mi_Api_Rest\system\Boot.php(67): CodeIgniter\Boot::runCodeIgniter(Object(CodeIgniter\CodeIgniter))
#12 C:\xampp\htdocs\Mi_Api_Rest\index.php(56): CodeIgniter\Boot::bootWeb(Object(Config\Paths))
#13 {main}

Next CodeIgniter\Database\Exceptions\DatabaseException: Unknown database 'yugioh_store' in C:\xampp\htdocs\Mi_Api_Rest\system\Database\MySQLi\Connection.php:231
Stack trace:
#0 C:\xampp\htdocs\Mi_Api_Rest\system\Database\BaseConnection.php(421): CodeIgniter\Database\MySQLi\Connection->connect(false)
#1 C:\xampp\htdocs\Mi_Api_Rest\system\Database\BaseConnection.php(616): CodeIgniter\Database\BaseConnection->initialize()
#2 C:\xampp\htdocs\Mi_Api_Rest\system\Database\BaseBuilder.php(1644): CodeIgniter\Database\BaseConnection->query('SELECT *\nFROM `...', Array, false)
#3 C:\xampp\htdocs\Mi_Api_Rest\app\Models\HomeModel.php(12): CodeIgniter\Database\BaseBuilder->get()
#4 C:\xampp\htdocs\Mi_Api_Rest\app\Models\HomeModel.php(22): APP\Models\HomeModel->getTableData('products')
#5 C:\xampp\htdocs\Mi_Api_Rest\app\Controllers\Home.php(17): APP\Models\HomeModel->products_lst()
#6 C:\xampp\htdocs\Mi_Api_Rest\system\CodeIgniter.php(933): App\Controllers\Home->index()
#7 C:\xampp\htdocs\Mi_Api_Rest\system\CodeIgniter.php(509): CodeIgniter\CodeIgniter->runController(Object(App\Controllers\Home))
#8 C:\xampp\htdocs\Mi_Api_Rest\system\CodeIgniter.php(355): CodeIgniter\CodeIgniter->handleRequest(NULL, Object(Config\Cache), false)
#9 C:\xampp\htdocs\Mi_Api_Rest\system\Boot.php(325): CodeIgniter\CodeIgniter->run()
#10 C:\xampp\htdocs\Mi_Api_Rest\system\Boot.php(67): CodeIgniter\Boot::runCodeIgniter(Object(CodeIgniter\CodeIgniter))
#11 C:\xampp\htdocs\Mi_Api_Rest\index.php(56): CodeIgniter\Boot::bootWeb(Object(Config\Paths))
#12 {main}
CRITICAL - 2024-12-06 19:33:07 --> CodeIgniter\Database\Exceptions\DatabaseException: Unable to connect to the database.
Main connection [MySQLi]: Unknown database 'yugioh_store'
[Method: GET, Route: /]
in SYSTEMPATH\Database\BaseConnection.php on line 467.
 1 SYSTEMPATH\Database\BaseConnection.php(616): CodeIgniter\Database\BaseConnection->initialize()
 2 SYSTEMPATH\Database\BaseBuilder.php(1644): CodeIgniter\Database\BaseConnection->query('SELECT *
FROM `products`', [], false)
 3 APPPATH\Models\HomeModel.php(12): CodeIgniter\Database\BaseBuilder->get()
 4 APPPATH\Models\HomeModel.php(22): APP\Models\HomeModel->getTableData('products')
 5 APPPATH\Controllers\Home.php(17): APP\Models\HomeModel->products_lst()
 6 SYSTEMPATH\CodeIgniter.php(933): App\Controllers\Home->index()
 7 SYSTEMPATH\CodeIgniter.php(509): CodeIgniter\CodeIgniter->runController(Object(App\Controllers\Home))
 8 SYSTEMPATH\CodeIgniter.php(355): CodeIgniter\CodeIgniter->handleRequest(null, Object(Config\Cache), false)
 9 SYSTEMPATH\Boot.php(325): CodeIgniter\CodeIgniter->run()
10 SYSTEMPATH\Boot.php(67): CodeIgniter\Boot::runCodeIgniter(Object(CodeIgniter\CodeIgniter))
11 FCPATH\index.php(56): CodeIgniter\Boot::bootWeb(Object(Config\Paths))
